2022-03-29 12:37:52,934 [restartedMain] INFO  userService.UserServiceApplication                 - Starting UserServiceApplication using Java 11.0.9 on LAPTOP-IUAVTCQU with PID 6632 (C:\Users\User\Desktop\Hitachi\INB\user-service\target\classes started by OPKANG in C:\Users\User\Desktop\Hitachi\INB\user-service)
2022-03-29 12:37:52,938 [restartedMain] INFO  userService.UserServiceApplication                 - No active profile set, falling back to default profiles: default
2022-03-29 12:37:52,995 [restartedMain] INFO  o.s.b.d.e.DevToolsPropertyDefaultsPostProcessor    - Devtools property defaults active! Set 'spring.devtools.add-properties' to 'false' to disable
2022-03-29 12:37:52,995 [restartedMain] INFO  o.s.b.d.e.DevToolsPropertyDefaultsPostProcessor    - For additional web related logging consider setting the 'logging.level.web' property to 'DEBUG'
2022-03-29 12:37:53,510 [restartedMain] INFO  o.s.d.r.c.RepositoryConfigurationDelegate          - Bootstrapping Spring Data JPA repositories in DEFAULT mode.
2022-03-29 12:37:53,565 [restartedMain] INFO  o.s.d.r.c.RepositoryConfigurationDelegate          - Finished Spring Data repository scanning in 45 ms. Found 1 JPA repository interfaces.
2022-03-29 12:37:54,281 [restartedMain] INFO  o.s.b.w.embedded.tomcat.TomcatWebServer            - Tomcat initialized with port(s): 8080 (http)
2022-03-29 12:37:54,290 [restartedMain] INFO  o.apache.coyote.http11.Http11NioProtocol           - Initializing ProtocolHandler ["http-nio-8080"]
2022-03-29 12:37:54,290 [restartedMain] INFO  org.apache.catalina.core.StandardService           - Starting service [Tomcat]
2022-03-29 12:37:54,291 [restartedMain] INFO  org.apache.catalina.core.StandardEngine            - Starting Servlet engine: [Apache Tomcat/9.0.56]
2022-03-29 12:37:54,376 [restartedMain] INFO  o.a.c.c.C.[Tomcat].[localhost].[/]                 - Initializing Spring embedded WebApplicationContext
2022-03-29 12:37:54,377 [restartedMain] INFO  o.s.b.w.s.c.ServletWebServerApplicationContext     - Root WebApplicationContext: initialization completed in 1381 ms
2022-03-29 12:37:54,529 [restartedMain] INFO  com.zaxxer.hikari.HikariDataSource                 - HikariPool-1 - Starting...
2022-03-29 12:37:54,689 [restartedMain] INFO  com.zaxxer.hikari.HikariDataSource                 - HikariPool-1 - Start completed.
2022-03-29 12:37:54,728 [restartedMain] INFO  o.hibernate.jpa.internal.util.LogHelper            - HHH000204: Processing PersistenceUnitInfo [name: default]
2022-03-29 12:37:54,781 [restartedMain] INFO  org.hibernate.Version                              - HHH000412: Hibernate ORM core version 5.6.4.Final
2022-03-29 12:37:54,941 [restartedMain] INFO  org.hibernate.annotations.common.Version           - HCANN000001: Hibernate Commons Annotations {5.1.2.Final}
2022-03-29 12:37:55,049 [restartedMain] INFO  org.hibernate.dialect.Dialect                      - HHH000400: Using dialect: org.hibernate.dialect.PostgreSQL10Dialect
2022-03-29 12:37:55,463 [restartedMain] INFO  o.h.e.t.j.p.i.JtaPlatformInitiator                 - HHH000490: Using JtaPlatform implementation: [org.hibernate.engine.transaction.jta.platform.internal.NoJtaPlatform]
2022-03-29 12:37:55,472 [restartedMain] INFO  o.s.o.j.LocalContainerEntityManagerFactoryBean     - Initialized JPA EntityManagerFactory for persistence unit 'default'
2022-03-29 12:37:55,819 [restartedMain] WARN  o.s.b.a.o.j.JpaBaseConfiguration$JpaWebConfiguration - spring.jpa.open-in-view is enabled by default. Therefore, database queries may be performed during view rendering. Explicitly configure spring.jpa.open-in-view to disable this warning
2022-03-29 12:37:56,218 [restartedMain] INFO  o.s.b.d.a.OptionalLiveReloadServer                 - LiveReload server is running on port 35729
2022-03-29 12:37:56,227 [restartedMain] INFO  o.apache.coyote.http11.Http11NioProtocol           - Starting ProtocolHandler ["http-nio-8080"]
2022-03-29 12:37:56,250 [restartedMain] INFO  o.s.b.w.embedded.tomcat.TomcatWebServer            - Tomcat started on port(s): 8080 (http) with context path ''
2022-03-29 12:37:56,258 [restartedMain] INFO  userService.UserServiceApplication                 - Started UserServiceApplication in 3.627 seconds (JVM running for 4.182)
2022-03-29 12:38:05,556 [http-nio-8080-exec-2] INFO  o.a.c.c.C.[Tomcat].[localhost].[/]                 - Initializing Spring DispatcherServlet 'dispatcherServlet'
2022-03-29 12:38:05,659 [http-nio-8080-exec-2] INFO  userService.UserServiceAspect                      - User: User(userID=null, firstName=dfg, lastName=wodoi, email=cggw@gmail.com)
2022-03-29 12:38:05,660 [http-nio-8080-exec-2] INFO  userService.UserServiceAspect                      - Before adding
2022-03-29 12:38:05,667 [http-nio-8080-exec-2] INFO  userService.controller.UserController              - Inside saveUser of UserController
2022-03-29 12:38:05,671 [http-nio-8080-exec-2] INFO  userService.service.UserService                    - Inside saveUser of UserService
2022-03-29 12:38:05,737 [http-nio-8080-exec-2] WARN  o.h.engine.jdbc.spi.SqlExceptionHelper             - SQL Error: 0, SQLState: 23505
2022-03-29 12:38:05,737 [http-nio-8080-exec-2] ERROR o.h.engine.jdbc.spi.SqlExceptionHelper             - ERROR: duplicate key value violates unique constraint "users_email_key"
  Detail: Key (email)=(cggw@gmail.com) already exists.
2022-03-29 12:38:05,750 [http-nio-8080-exec-2] INFO  userService.UserServiceAspect                      - Adding user Failed...
2022-03-29 12:38:05,751 [http-nio-8080-exec-2] INFO  userService.UserServiceAspect                      - User: User(userID=null, firstName=dfg, lastName=wodoi, email=cggw@gmail.com)
2022-03-29 12:38:05,751 [http-nio-8080-exec-2] ERROR userService.UserServiceAspect                      - Reason : could not execute statement; SQL [n/a]; constraint [users_email_key]; nested exception is org.hibernate.exception.ConstraintViolationException: could not execute statement
2022-03-29 12:38:05,751 [http-nio-8080-exec-2] ERROR userService.UserServiceAspect                      - Exception Detail : could not execute statement; SQL [n/a]; constraint [users_email_key]; nested exception is org.hibernate.exception.ConstraintViolationException: could not execute statement
2022-03-29 12:38:33,674 [http-nio-8080-exec-3] INFO  userService.UserServiceAspect                      - User: User(userID=null, firstName=4444, lastName=wod555oi, email=55555@gmail.com)
2022-03-29 12:38:33,674 [http-nio-8080-exec-3] INFO  userService.UserServiceAspect                      - Before adding
2022-03-29 12:38:33,674 [http-nio-8080-exec-3] INFO  userService.controller.UserController              - Inside saveUser of UserController
2022-03-29 12:38:33,674 [http-nio-8080-exec-3] INFO  userService.service.UserService                    - Inside saveUser of UserService
2022-03-29 12:38:43,479 [http-nio-8080-exec-4] INFO  userService.UserServiceAspect                      - User: User(userID=null, firstName=4444, lastName=wod555oi, email=55555@gmail.com)
2022-03-29 12:38:43,480 [http-nio-8080-exec-4] INFO  userService.UserServiceAspect                      - Before adding
2022-03-29 12:38:43,480 [http-nio-8080-exec-4] INFO  userService.controller.UserController              - Inside saveUser of UserController
2022-03-29 12:38:43,480 [http-nio-8080-exec-4] INFO  userService.service.UserService                    - Inside saveUser of UserService
2022-03-29 12:38:43,483 [http-nio-8080-exec-4] WARN  o.h.engine.jdbc.spi.SqlExceptionHelper             - SQL Error: 0, SQLState: 23505
2022-03-29 12:38:43,484 [http-nio-8080-exec-4] ERROR o.h.engine.jdbc.spi.SqlExceptionHelper             - ERROR: duplicate key value violates unique constraint "users_email_key"
  Detail: Key (email)=(55555@gmail.com) already exists.
2022-03-29 12:38:43,486 [http-nio-8080-exec-4] INFO  userService.UserServiceAspect                      - Adding user Failed...
2022-03-29 12:38:43,487 [http-nio-8080-exec-4] INFO  userService.UserServiceAspect                      - User: User(userID=null, firstName=4444, lastName=wod555oi, email=55555@gmail.com)
2022-03-29 12:38:43,487 [http-nio-8080-exec-4] ERROR userService.UserServiceAspect                      - Reason : could not execute statement; SQL [n/a]; constraint [users_email_key]; nested exception is org.hibernate.exception.ConstraintViolationException: could not execute statement
2022-03-29 12:38:43,488 [http-nio-8080-exec-4] ERROR userService.UserServiceAspect                      - Exception Detail : could not execute statement; SQL [n/a]; constraint [users_email_key]; nested exception is org.hibernate.exception.ConstraintViolationException: could not execute statement
2022-03-29 12:39:45,538 [SpringApplicationShutdownHook] INFO  o.s.o.j.LocalContainerEntityManagerFactoryBean     - Closing JPA EntityManagerFactory for persistence unit 'default'
2022-03-29 12:39:45,543 [SpringApplicationShutdownHook] INFO  com.zaxxer.hikari.HikariDataSource                 - HikariPool-1 - Shutdown initiated...
2022-03-29 12:39:45,551 [SpringApplicationShutdownHook] INFO  com.zaxxer.hikari.HikariDataSource                 - HikariPool-1 - Shutdown completed.
2022-03-29 12:39:54,544 [restartedMain] INFO  userService.UserServiceApplication                 - Starting UserServiceApplication using Java 11.0.9 on LAPTOP-IUAVTCQU with PID 12472 (C:\Users\User\Desktop\Hitachi\INB\user-service\target\classes started by OPKANG in C:\Users\User\Desktop\Hitachi\INB\user-service)
2022-03-29 12:39:54,546 [restartedMain] INFO  userService.UserServiceApplication                 - No active profile set, falling back to default profiles: default
2022-03-29 12:39:54,586 [restartedMain] INFO  o.s.b.d.e.DevToolsPropertyDefaultsPostProcessor    - Devtools property defaults active! Set 'spring.devtools.add-properties' to 'false' to disable
2022-03-29 12:39:54,586 [restartedMain] INFO  o.s.b.d.e.DevToolsPropertyDefaultsPostProcessor    - For additional web related logging consider setting the 'logging.level.web' property to 'DEBUG'
2022-03-29 12:39:55,060 [restartedMain] INFO  o.s.d.r.c.RepositoryConfigurationDelegate          - Bootstrapping Spring Data JPA repositories in DEFAULT mode.
2022-03-29 12:39:55,104 [restartedMain] INFO  o.s.d.r.c.RepositoryConfigurationDelegate          - Finished Spring Data repository scanning in 35 ms. Found 1 JPA repository interfaces.
2022-03-29 12:39:55,807 [restartedMain] INFO  o.s.b.w.embedded.tomcat.TomcatWebServer            - Tomcat initialized with port(s): 8080 (http)
2022-03-29 12:39:55,815 [restartedMain] INFO  o.apache.coyote.http11.Http11NioProtocol           - Initializing ProtocolHandler ["http-nio-8080"]
2022-03-29 12:39:55,816 [restartedMain] INFO  org.apache.catalina.core.StandardService           - Starting service [Tomcat]
2022-03-29 12:39:55,817 [restartedMain] INFO  org.apache.catalina.core.StandardEngine            - Starting Servlet engine: [Apache Tomcat/9.0.56]
2022-03-29 12:39:55,913 [restartedMain] INFO  o.a.c.c.C.[Tomcat].[localhost].[/]                 - Initializing Spring embedded WebApplicationContext
2022-03-29 12:39:55,914 [restartedMain] INFO  o.s.b.w.s.c.ServletWebServerApplicationContext     - Root WebApplicationContext: initialization completed in 1327 ms
2022-03-29 12:39:56,054 [restartedMain] INFO  com.zaxxer.hikari.HikariDataSource                 - HikariPool-1 - Starting...
2022-03-29 12:39:56,171 [restartedMain] INFO  com.zaxxer.hikari.HikariDataSource                 - HikariPool-1 - Start completed.
2022-03-29 12:39:56,206 [restartedMain] INFO  o.hibernate.jpa.internal.util.LogHelper            - HHH000204: Processing PersistenceUnitInfo [name: default]
2022-03-29 12:39:56,243 [restartedMain] INFO  org.hibernate.Version                              - HHH000412: Hibernate ORM core version 5.6.4.Final
2022-03-29 12:39:56,363 [restartedMain] INFO  org.hibernate.annotations.common.Version           - HCANN000001: Hibernate Commons Annotations {5.1.2.Final}
2022-03-29 12:39:56,461 [restartedMain] INFO  org.hibernate.dialect.Dialect                      - HHH000400: Using dialect: org.hibernate.dialect.PostgreSQL10Dialect
2022-03-29 12:39:56,834 [restartedMain] INFO  o.h.e.t.j.p.i.JtaPlatformInitiator                 - HHH000490: Using JtaPlatform implementation: [org.hibernate.engine.transaction.jta.platform.internal.NoJtaPlatform]
2022-03-29 12:39:56,842 [restartedMain] INFO  o.s.o.j.LocalContainerEntityManagerFactoryBean     - Initialized JPA EntityManagerFactory for persistence unit 'default'
2022-03-29 12:39:57,130 [restartedMain] WARN  o.s.b.a.o.j.JpaBaseConfiguration$JpaWebConfiguration - spring.jpa.open-in-view is enabled by default. Therefore, database queries may be performed during view rendering. Explicitly configure spring.jpa.open-in-view to disable this warning
2022-03-29 12:39:57,521 [restartedMain] INFO  o.s.b.d.a.OptionalLiveReloadServer                 - LiveReload server is running on port 35729
2022-03-29 12:39:57,531 [restartedMain] INFO  o.apache.coyote.http11.Http11NioProtocol           - Starting ProtocolHandler ["http-nio-8080"]
2022-03-29 12:39:57,544 [restartedMain] INFO  o.s.b.w.embedded.tomcat.TomcatWebServer            - Tomcat started on port(s): 8080 (http) with context path ''
2022-03-29 12:39:57,553 [restartedMain] INFO  userService.UserServiceApplication                 - Started UserServiceApplication in 3.287 seconds (JVM running for 3.815)
2022-03-29 12:41:22,422 [http-nio-8080-exec-1] INFO  o.a.c.c.C.[Tomcat].[localhost].[/]                 - Initializing Spring DispatcherServlet 'dispatcherServlet'
2022-03-29 12:41:22,542 [http-nio-8080-exec-1] INFO  userService.UserServiceAspect                      - User: User(userID=null, firstName=4444, lastName=wod555oi, email=55555@gmail.com)
2022-03-29 12:41:22,544 [http-nio-8080-exec-1] INFO  userService.UserServiceAspect                      - Before adding
2022-03-29 12:41:22,561 [http-nio-8080-exec-1] INFO  userService.controller.UserController              - Inside saveUser of UserController
2022-03-29 12:41:22,565 [http-nio-8080-exec-1] INFO  userService.service.UserService                    - Inside saveUser of UserService
2022-03-29 12:41:22,620 [http-nio-8080-exec-1] WARN  o.h.engine.jdbc.spi.SqlExceptionHelper             - SQL Error: 0, SQLState: 23505
2022-03-29 12:41:22,621 [http-nio-8080-exec-1] ERROR o.h.engine.jdbc.spi.SqlExceptionHelper             - ERROR: duplicate key value violates unique constraint "users_email_key"
  Detail: Key (email)=(55555@gmail.com) already exists.
2022-03-29 12:41:22,636 [http-nio-8080-exec-1] INFO  userService.UserServiceAspect                      - Adding user Failed...
2022-03-29 12:41:22,637 [http-nio-8080-exec-1] INFO  userService.UserServiceAspect                      - User: User(userID=null, firstName=4444, lastName=wod555oi, email=55555@gmail.com)
2022-03-29 12:41:22,637 [http-nio-8080-exec-1] ERROR userService.UserServiceAspect                      - Reason : could not execute statement; SQL [n/a]; constraint [users_email_key]; nested exception is org.hibernate.exception.ConstraintViolationException: could not execute statement
2022-03-29 12:41:22,637 [http-nio-8080-exec-1] ERROR userService.UserServiceAspect                      - Exception Detail : could not execute statement; SQL [n/a]; constraint [users_email_key]; nested exception is org.hibernate.exception.ConstraintViolationException: could not execute statement
2022-03-29 12:41:32,067 [http-nio-8080-exec-3] INFO  userService.UserServiceAspect                      - User: User(userID=null, firstName=42, lastName=324, email=43@gmail.com)
2022-03-29 12:41:32,067 [http-nio-8080-exec-3] INFO  userService.UserServiceAspect                      - Before adding
2022-03-29 12:41:32,067 [http-nio-8080-exec-3] INFO  userService.controller.UserController              - Inside saveUser of UserController
2022-03-29 12:41:32,067 [http-nio-8080-exec-3] INFO  userService.service.UserService                    - Inside saveUser of UserService
2022-03-29 12:41:42,326 [http-nio-8080-exec-4] INFO  userService.UserServiceAspect                      - User: User(userID=null, firstName=423, lastName=3324, email=433@gmail.com)
2022-03-29 12:41:42,326 [http-nio-8080-exec-4] INFO  userService.UserServiceAspect                      - Before adding
2022-03-29 12:41:42,327 [http-nio-8080-exec-4] INFO  userService.controller.UserController              - Inside saveUser of UserController
2022-03-29 12:41:42,327 [http-nio-8080-exec-4] INFO  userService.service.UserService                    - Inside saveUser of UserService
2022-03-29 12:41:44,110 [http-nio-8080-exec-5] INFO  userService.UserServiceAspect                      - User: User(userID=null, firstName=423, lastName=3324, email=433@gmail.com)
2022-03-29 12:41:44,110 [http-nio-8080-exec-5] INFO  userService.UserServiceAspect                      - Before adding
2022-03-29 12:41:44,110 [http-nio-8080-exec-5] INFO  userService.controller.UserController              - Inside saveUser of UserController
2022-03-29 12:41:44,110 [http-nio-8080-exec-5] INFO  userService.service.UserService                    - Inside saveUser of UserService
2022-03-29 12:41:44,112 [http-nio-8080-exec-5] WARN  o.h.engine.jdbc.spi.SqlExceptionHelper             - SQL Error: 0, SQLState: 23505
2022-03-29 12:41:44,112 [http-nio-8080-exec-5] ERROR o.h.engine.jdbc.spi.SqlExceptionHelper             - ERROR: duplicate key value violates unique constraint "users_email_key"
  Detail: Key (email)=(433@gmail.com) already exists.
2022-03-29 12:41:44,113 [http-nio-8080-exec-5] INFO  userService.UserServiceAspect                      - Adding user Failed...
2022-03-29 12:41:44,113 [http-nio-8080-exec-5] INFO  userService.UserServiceAspect                      - User: User(userID=null, firstName=423, lastName=3324, email=433@gmail.com)
2022-03-29 12:41:44,114 [http-nio-8080-exec-5] ERROR userService.UserServiceAspect                      - Reason : could not execute statement; SQL [n/a]; constraint [users_email_key]; nested exception is org.hibernate.exception.ConstraintViolationException: could not execute statement
2022-03-29 12:41:44,114 [http-nio-8080-exec-5] ERROR userService.UserServiceAspect                      - Exception Detail : could not execute statement; SQL [n/a]; constraint [users_email_key]; nested exception is org.hibernate.exception.ConstraintViolationException: could not execute statement
2022-03-29 12:41:44,946 [http-nio-8080-exec-6] INFO  userService.UserServiceAspect                      - User: User(userID=null, firstName=423, lastName=3324, email=433@gmail.com)
2022-03-29 12:41:44,946 [http-nio-8080-exec-6] INFO  userService.UserServiceAspect                      - Before adding
2022-03-29 12:41:44,946 [http-nio-8080-exec-6] INFO  userService.controller.UserController              - Inside saveUser of UserController
2022-03-29 12:41:44,947 [http-nio-8080-exec-6] INFO  userService.service.UserService                    - Inside saveUser of UserService
2022-03-29 12:41:44,948 [http-nio-8080-exec-6] WARN  o.h.engine.jdbc.spi.SqlExceptionHelper             - SQL Error: 0, SQLState: 23505
2022-03-29 12:41:44,948 [http-nio-8080-exec-6] ERROR o.h.engine.jdbc.spi.SqlExceptionHelper             - ERROR: duplicate key value violates unique constraint "users_email_key"
  Detail: Key (email)=(433@gmail.com) already exists.
2022-03-29 12:41:44,950 [http-nio-8080-exec-6] INFO  userService.UserServiceAspect                      - Adding user Failed...
2022-03-29 12:41:44,950 [http-nio-8080-exec-6] INFO  userService.UserServiceAspect                      - User: User(userID=null, firstName=423, lastName=3324, email=433@gmail.com)
2022-03-29 12:41:44,950 [http-nio-8080-exec-6] ERROR userService.UserServiceAspect                      - Reason : could not execute statement; SQL [n/a]; constraint [users_email_key]; nested exception is org.hibernate.exception.ConstraintViolationException: could not execute statement
2022-03-29 12:41:44,950 [http-nio-8080-exec-6] ERROR userService.UserServiceAspect                      - Exception Detail : could not execute statement; SQL [n/a]; constraint [users_email_key]; nested exception is org.hibernate.exception.ConstraintViolationException: could not execute statement
2022-03-29 12:41:45,506 [http-nio-8080-exec-7] INFO  userService.UserServiceAspect                      - User: User(userID=null, firstName=423, lastName=3324, email=433@gmail.com)
2022-03-29 12:41:45,506 [http-nio-8080-exec-7] INFO  userService.UserServiceAspect                      - Before adding
2022-03-29 12:41:45,506 [http-nio-8080-exec-7] INFO  userService.controller.UserController              - Inside saveUser of UserController
2022-03-29 12:41:45,507 [http-nio-8080-exec-7] INFO  userService.service.UserService                    - Inside saveUser of UserService
2022-03-29 12:41:45,508 [http-nio-8080-exec-7] WARN  o.h.engine.jdbc.spi.SqlExceptionHelper             - SQL Error: 0, SQLState: 23505
2022-03-29 12:41:45,508 [http-nio-8080-exec-7] ERROR o.h.engine.jdbc.spi.SqlExceptionHelper             - ERROR: duplicate key value violates unique constraint "users_email_key"
  Detail: Key (email)=(433@gmail.com) already exists.
2022-03-29 12:41:45,510 [http-nio-8080-exec-7] INFO  userService.UserServiceAspect                      - Adding user Failed...
2022-03-29 12:41:45,510 [http-nio-8080-exec-7] INFO  userService.UserServiceAspect                      - User: User(userID=null, firstName=423, lastName=3324, email=433@gmail.com)
2022-03-29 12:41:45,510 [http-nio-8080-exec-7] ERROR userService.UserServiceAspect                      - Reason : could not execute statement; SQL [n/a]; constraint [users_email_key]; nested exception is org.hibernate.exception.ConstraintViolationException: could not execute statement
2022-03-29 12:41:45,510 [http-nio-8080-exec-7] ERROR userService.UserServiceAspect                      - Exception Detail : could not execute statement; SQL [n/a]; constraint [users_email_key]; nested exception is org.hibernate.exception.ConstraintViolationException: could not execute statement
2022-03-29 12:41:49,515 [http-nio-8080-exec-8] INFO  userService.UserServiceAspect                      - User: User(userID=null, firstName=3, lastName=333324, email=433333@gmail.com)
2022-03-29 12:41:49,515 [http-nio-8080-exec-8] INFO  userService.UserServiceAspect                      - Before adding
2022-03-29 12:41:49,516 [http-nio-8080-exec-8] INFO  userService.controller.UserController              - Inside saveUser of UserController
2022-03-29 12:41:49,516 [http-nio-8080-exec-8] INFO  userService.service.UserService                    - Inside saveUser of UserService
2022-03-29 12:42:45,051 [SpringApplicationShutdownHook] INFO  o.s.o.j.LocalContainerEntityManagerFactoryBean     - Closing JPA EntityManagerFactory for persistence unit 'default'
2022-03-29 12:42:45,054 [SpringApplicationShutdownHook] INFO  com.zaxxer.hikari.HikariDataSource                 - HikariPool-1 - Shutdown initiated...
2022-03-29 12:42:45,062 [SpringApplicationShutdownHook] INFO  com.zaxxer.hikari.HikariDataSource                 - HikariPool-1 - Shutdown completed.
2022-03-29 14:05:24,428 [restartedMain] INFO  userService.UserServiceApplication                 - Starting UserServiceApplication using Java 11.0.9 on LAPTOP-IUAVTCQU with PID 24488 (C:\Users\User\Desktop\Hitachi\INB\user-service\target\classes started by OPKANG in C:\Users\User\Desktop\Hitachi\INB\user-service)
2022-03-29 14:05:24,430 [restartedMain] INFO  userService.UserServiceApplication                 - No active profile set, falling back to default profiles: default
2022-03-29 14:05:24,477 [restartedMain] INFO  o.s.b.d.e.DevToolsPropertyDefaultsPostProcessor    - Devtools property defaults active! Set 'spring.devtools.add-properties' to 'false' to disable
2022-03-29 14:05:24,477 [restartedMain] INFO  o.s.b.d.e.DevToolsPropertyDefaultsPostProcessor    - For additional web related logging consider setting the 'logging.level.web' property to 'DEBUG'
2022-03-29 14:05:24,887 [restartedMain] INFO  o.s.d.r.c.RepositoryConfigurationDelegate          - Bootstrapping Spring Data JPA repositories in DEFAULT mode.
2022-03-29 14:05:24,923 [restartedMain] INFO  o.s.d.r.c.RepositoryConfigurationDelegate          - Finished Spring Data repository scanning in 29 ms. Found 1 JPA repository interfaces.
2022-03-29 14:05:25,502 [restartedMain] INFO  o.s.b.w.embedded.tomcat.TomcatWebServer            - Tomcat initialized with port(s): 8080 (http)
2022-03-29 14:05:25,510 [restartedMain] INFO  o.apache.coyote.http11.Http11NioProtocol           - Initializing ProtocolHandler ["http-nio-8080"]
2022-03-29 14:05:25,511 [restartedMain] INFO  org.apache.catalina.core.StandardService           - Starting service [Tomcat]
2022-03-29 14:05:25,512 [restartedMain] INFO  org.apache.catalina.core.StandardEngine            - Starting Servlet engine: [Apache Tomcat/9.0.56]
2022-03-29 14:05:25,599 [restartedMain] INFO  o.a.c.c.C.[Tomcat].[localhost].[/]                 - Initializing Spring embedded WebApplicationContext
2022-03-29 14:05:25,600 [restartedMain] INFO  o.s.b.w.s.c.ServletWebServerApplicationContext     - Root WebApplicationContext: initialization completed in 1122 ms
2022-03-29 14:05:25,764 [restartedMain] INFO  com.zaxxer.hikari.HikariDataSource                 - HikariPool-1 - Starting...
2022-03-29 14:05:25,880 [restartedMain] INFO  com.zaxxer.hikari.HikariDataSource                 - HikariPool-1 - Start completed.
2022-03-29 14:05:25,912 [restartedMain] INFO  o.hibernate.jpa.internal.util.LogHelper            - HHH000204: Processing PersistenceUnitInfo [name: default]
2022-03-29 14:05:25,952 [restartedMain] INFO  org.hibernate.Version                              - HHH000412: Hibernate ORM core version 5.6.4.Final
2022-03-29 14:05:26,063 [restartedMain] INFO  org.hibernate.annotations.common.Version           - HCANN000001: Hibernate Commons Annotations {5.1.2.Final}
2022-03-29 14:05:26,141 [restartedMain] INFO  org.hibernate.dialect.Dialect                      - HHH000400: Using dialect: org.hibernate.dialect.PostgreSQL10Dialect
2022-03-29 14:05:26,478 [restartedMain] INFO  o.h.e.t.j.p.i.JtaPlatformInitiator                 - HHH000490: Using JtaPlatform implementation: [org.hibernate.engine.transaction.jta.platform.internal.NoJtaPlatform]
2022-03-29 14:05:26,486 [restartedMain] INFO  o.s.o.j.LocalContainerEntityManagerFactoryBean     - Initialized JPA EntityManagerFactory for persistence unit 'default'
2022-03-29 14:05:26,738 [restartedMain] WARN  o.s.b.a.o.j.JpaBaseConfiguration$JpaWebConfiguration - spring.jpa.open-in-view is enabled by default. Therefore, database queries may be performed during view rendering. Explicitly configure spring.jpa.open-in-view to disable this warning
2022-03-29 14:05:27,078 [restartedMain] INFO  o.s.b.d.a.OptionalLiveReloadServer                 - LiveReload server is running on port 35729
2022-03-29 14:05:27,088 [restartedMain] INFO  o.apache.coyote.http11.Http11NioProtocol           - Starting ProtocolHandler ["http-nio-8080"]
2022-03-29 14:05:27,100 [restartedMain] INFO  o.s.b.w.embedded.tomcat.TomcatWebServer            - Tomcat started on port(s): 8080 (http) with context path ''
2022-03-29 14:05:27,108 [restartedMain] INFO  userService.UserServiceApplication                 - Started UserServiceApplication in 2.938 seconds (JVM running for 3.411)
2022-03-29 14:05:29,903 [http-nio-8080-exec-2] INFO  o.a.c.c.C.[Tomcat].[localhost].[/]                 - Initializing Spring DispatcherServlet 'dispatcherServlet'
2022-03-29 14:05:29,993 [http-nio-8080-exec-2] INFO  userService.UserServiceAspect                      - User: User(userID=null, firstName=3, lastName=333324, email=433333@gmail.com)
2022-03-29 14:05:29,994 [http-nio-8080-exec-2] INFO  userService.UserServiceAspect                      - Before adding
2022-03-29 14:05:30,002 [http-nio-8080-exec-2] INFO  userService.controller.UserController              - Inside saveUser of UserController
2022-03-29 14:05:30,005 [http-nio-8080-exec-2] INFO  userService.service.UserService                    - Inside saveUser of UserService
2022-03-29 14:05:30,050 [http-nio-8080-exec-2] WARN  o.h.engine.jdbc.spi.SqlExceptionHelper             - SQL Error: 0, SQLState: 23505
2022-03-29 14:05:30,050 [http-nio-8080-exec-2] ERROR o.h.engine.jdbc.spi.SqlExceptionHelper             - ERROR: duplicate key value violates unique constraint "users_email_key"
  Detail: Key (email)=(433333@gmail.com) already exists.
2022-03-29 14:05:30,064 [http-nio-8080-exec-2] INFO  userService.UserServiceAspect                      - Adding user Failed...
2022-03-29 14:05:30,065 [http-nio-8080-exec-2] INFO  userService.UserServiceAspect                      - User: User(userID=null, firstName=3, lastName=333324, email=433333@gmail.com)
2022-03-29 14:05:30,065 [http-nio-8080-exec-2] ERROR userService.UserServiceAspect                      - Reason : could not execute statement; SQL [n/a]; constraint [users_email_key]; nested exception is org.hibernate.exception.ConstraintViolationException: could not execute statement
2022-03-29 14:05:30,065 [http-nio-8080-exec-2] ERROR userService.UserServiceAspect                      - Exception Detail : could not execute statement; SQL [n/a]; constraint [users_email_key]; nested exception is org.hibernate.exception.ConstraintViolationException: could not execute statement
2022-03-29 14:32:49,747 [SpringApplicationShutdownHook] INFO  o.s.o.j.LocalContainerEntityManagerFactoryBean     - Closing JPA EntityManagerFactory for persistence unit 'default'
2022-03-29 14:32:49,750 [SpringApplicationShutdownHook] INFO  com.zaxxer.hikari.HikariDataSource                 - HikariPool-1 - Shutdown initiated...
2022-03-29 14:32:49,756 [SpringApplicationShutdownHook] INFO  com.zaxxer.hikari.HikariDataSource                 - HikariPool-1 - Shutdown completed.
