2022-04-08 14:50:47,420 [restartedMain] INFO  userService.UserServiceApplication                 - Starting UserServiceApplication using Java 1.8.0_321 on Spinax with PID 6584 (D:\MockProject\user-service\target\classes started by Calvin in D:\MockProject\user-service)
2022-04-08 14:50:47,425 [restartedMain] INFO  userService.UserServiceApplication                 - No active profile set, falling back to default profiles: default
2022-04-08 14:50:47,478 [restartedMain] INFO  o.s.b.d.e.DevToolsPropertyDefaultsPostProcessor    - Devtools property defaults active! Set 'spring.devtools.add-properties' to 'false' to disable
2022-04-08 14:50:47,479 [restartedMain] INFO  o.s.b.d.e.DevToolsPropertyDefaultsPostProcessor    - For additional web related logging consider setting the 'logging.level.web' property to 'DEBUG'
2022-04-08 14:50:48,151 [restartedMain] INFO  o.s.d.r.c.RepositoryConfigurationDelegate          - Bootstrapping Spring Data JPA repositories in DEFAULT mode.
2022-04-08 14:50:48,201 [restartedMain] INFO  o.s.d.r.c.RepositoryConfigurationDelegate          - Finished Spring Data repository scanning in 39 ms. Found 1 JPA repository interfaces.
2022-04-08 14:50:49,310 [restartedMain] INFO  o.s.b.w.embedded.tomcat.TomcatWebServer            - Tomcat initialized with port(s): 8080 (http)
2022-04-08 14:50:49,318 [restartedMain] INFO  o.apache.coyote.http11.Http11NioProtocol           - Initializing ProtocolHandler ["http-nio-8080"]
2022-04-08 14:50:49,319 [restartedMain] INFO  org.apache.catalina.core.StandardService           - Starting service [Tomcat]
2022-04-08 14:50:49,319 [restartedMain] INFO  org.apache.catalina.core.StandardEngine            - Starting Servlet engine: [Apache Tomcat/9.0.56]
2022-04-08 14:50:49,426 [restartedMain] INFO  o.a.c.c.C.[Tomcat].[localhost].[/]                 - Initializing Spring embedded WebApplicationContext
2022-04-08 14:50:49,427 [restartedMain] INFO  o.s.b.w.s.c.ServletWebServerApplicationContext     - Root WebApplicationContext: initialization completed in 1947 ms
2022-04-08 14:50:49,577 [restartedMain] INFO  com.zaxxer.hikari.HikariDataSource                 - HikariPool-1 - Starting...
2022-04-08 14:50:50,088 [restartedMain] INFO  com.zaxxer.hikari.HikariDataSource                 - HikariPool-1 - Start completed.
2022-04-08 14:50:50,224 [restartedMain] INFO  o.hibernate.jpa.internal.util.LogHelper            - HHH000204: Processing PersistenceUnitInfo [name: default]
2022-04-08 14:50:50,270 [restartedMain] INFO  org.hibernate.Version                              - HHH000412: Hibernate ORM core version 5.6.4.Final
2022-04-08 14:50:50,426 [restartedMain] INFO  org.hibernate.annotations.common.Version           - HCANN000001: Hibernate Commons Annotations {5.1.2.Final}
2022-04-08 14:50:50,550 [restartedMain] INFO  org.hibernate.dialect.Dialect                      - HHH000400: Using dialect: org.hibernate.dialect.PostgreSQL10Dialect
2022-04-08 14:50:51,119 [restartedMain] INFO  o.h.e.t.j.p.i.JtaPlatformInitiator                 - HHH000490: Using JtaPlatform implementation: [org.hibernate.engine.transaction.jta.platform.internal.NoJtaPlatform]
2022-04-08 14:50:51,129 [restartedMain] INFO  o.s.o.j.LocalContainerEntityManagerFactoryBean     - Initialized JPA EntityManagerFactory for persistence unit 'default'
2022-04-08 14:50:51,493 [restartedMain] WARN  o.s.b.a.o.j.JpaBaseConfiguration$JpaWebConfiguration - spring.jpa.open-in-view is enabled by default. Therefore, database queries may be performed during view rendering. Explicitly configure spring.jpa.open-in-view to disable this warning
2022-04-08 14:50:51,938 [restartedMain] INFO  o.s.b.d.a.OptionalLiveReloadServer                 - LiveReload server is running on port 35729
2022-04-08 14:50:51,951 [restartedMain] INFO  o.apache.coyote.http11.Http11NioProtocol           - Starting ProtocolHandler ["http-nio-8080"]
2022-04-08 14:50:51,967 [restartedMain] INFO  o.s.b.w.embedded.tomcat.TomcatWebServer            - Tomcat started on port(s): 8080 (http) with context path ''
2022-04-08 14:50:51,976 [restartedMain] INFO  userService.UserServiceApplication                 - Started UserServiceApplication in 5.085 seconds (JVM running for 5.655)
2022-04-08 14:51:03,416 [http-nio-8080-exec-1] INFO  o.a.c.c.C.[Tomcat].[localhost].[/]                 - Initializing Spring DispatcherServlet 'dispatcherServlet'
2022-04-08 14:51:03,605 [http-nio-8080-exec-1] INFO  userService.service.PDFGenerateService             - This are User In DB: [User(userID=34, firstName=Nicole, lastName=Chong, email=Nicole@gmail.com), User(userID=35, firstName=Calvin, lastName=Tan, email=CT@gmail.com), User(userID=36, firstName=Kelvin, lastName=Lim, email=KL@gmail.com), User(userID=37, firstName=Kok, lastName=Chun, email=KC@gmail.com), User(userID=38, firstName=Euvina, lastName=Lim, email=EL@gmail.com), User(userID=39, firstName=Wooi, lastName=Kang, email=WK@gmail.com)]
2022-04-08 14:51:03,828 [http-nio-8080-exec-1] WARN  o.a.p.p.font.FileSystemFontProvider                - New fonts found, font cache will be re-built
2022-04-08 14:51:03,828 [http-nio-8080-exec-1] WARN  o.a.p.p.font.FileSystemFontProvider                - Building on-disk font cache, this may take a while
2022-04-08 14:51:04,009 [http-nio-8080-exec-1] ERROR o.a.p.p.font.FileSystemFontProvider                - Could not load font file: C:\WINDOWS\FONTS\mstmc.ttf
java.io.EOFException: null
	at org.apache.fontbox.ttf.TTFDataStream.readUnsignedInt(TTFDataStream.java:151)
	at org.apache.fontbox.ttf.TTFParser.readTableDirectory(TTFParser.java:312)
	at org.apache.fontbox.ttf.TTFParser.parse(TTFParser.java:139)
	at org.apache.fontbox.ttf.TTFParser.parse(TTFParser.java:87)
	at org.apache.pdfbox.pdmodel.font.FileSystemFontProvider.addTrueTypeFont(FileSystemFontProvider.java:638)
	at org.apache.pdfbox.pdmodel.font.FileSystemFontProvider.scanFonts(FileSystemFontProvider.java:359)
	at org.apache.pdfbox.pdmodel.font.FileSystemFontProvider.<init>(FileSystemFontProvider.java:338)
	at org.apache.pdfbox.pdmodel.font.FontMapperImpl$DefaultFontProvider.<clinit>(FontMapperImpl.java:140)
	at org.apache.pdfbox.pdmodel.font.FontMapperImpl.getProvider(FontMapperImpl.java:159)
	at org.apache.pdfbox.pdmodel.font.FontMapperImpl.findFont(FontMapperImpl.java:423)
	at org.apache.pdfbox.pdmodel.font.FontMapperImpl.findFontBoxFont(FontMapperImpl.java:386)
	at org.apache.pdfbox.pdmodel.font.FontMapperImpl.getFontBoxFont(FontMapperImpl.java:360)
	at org.apache.pdfbox.pdmodel.font.PDType1Font.<init>(PDType1Font.java:146)
	at org.apache.pdfbox.pdmodel.font.PDType1Font.<clinit>(PDType1Font.java:79)
	at userService.service.PDFGenerateService.exportBox(PDFGenerateService.java:44)
	at userService.controller.PDFGenerateController.generatePDF(PDFGenerateController.java:39)
	at userService.controller.PDFGenerateController$$FastClassBySpringCGLIB$$f8094b95.invoke(<generated>)
	at org.springframework.cglib.proxy.MethodProxy.invoke(MethodProxy.java:218)
	at org.springframework.aop.framework.CglibAopProxy$CglibMethodInvocation.invokeJoinpoint(CglibAopProxy.java:783)
	at org.springframework.aop.framework.ReflectiveMethodInvocation.proceed(ReflectiveMethodInvocation.java:163)
	at org.springframework.aop.framework.CglibAopProxy$CglibMethodInvocation.proceed(CglibAopProxy.java:753)
	at org.springframework.aop.aspectj.AspectJAfterThrowingAdvice.invoke(AspectJAfterThrowingAdvice.java:64)
	at org.springframework.aop.framework.ReflectiveMethodInvocation.proceed(ReflectiveMethodInvocation.java:186)
	at org.springframework.aop.framework.CglibAopProxy$CglibMethodInvocation.proceed(CglibAopProxy.java:753)
	at org.springframework.aop.interceptor.ExposeInvocationInterceptor.invoke(ExposeInvocationInterceptor.java:97)
	at org.springframework.aop.framework.ReflectiveMethodInvocation.proceed(ReflectiveMethodInvocation.java:186)
	at org.springframework.aop.framework.CglibAopProxy$CglibMethodInvocation.proceed(CglibAopProxy.java:753)
	at org.springframework.aop.framework.CglibAopProxy$DynamicAdvisedInterceptor.intercept(CglibAopProxy.java:698)
	at userService.controller.PDFGenerateController$$EnhancerBySpringCGLIB$$2ae64f39.generatePDF(<generated>)
	at sun.reflect.NativeMethodAccessorImpl.invoke0(Native Method)
	at sun.reflect.NativeMethodAccessorImpl.invoke(NativeMethodAccessorImpl.java:62)
	at sun.reflect.DelegatingMethodAccessorImpl.invoke(DelegatingMethodAccessorImpl.java:43)
	at java.lang.reflect.Method.invoke(Method.java:498)
	at org.springframework.web.method.support.InvocableHandlerMethod.doInvoke(InvocableHandlerMethod.java:205)
	at org.springframework.web.method.support.InvocableHandlerMethod.invokeForRequest(InvocableHandlerMethod.java:150)
	at org.springframework.web.servlet.mvc.method.annotation.ServletInvocableHandlerMethod.invokeAndHandle(ServletInvocableHandlerMethod.java:117)
	at org.springframework.web.servlet.mvc.method.annotation.RequestMappingHandlerAdapter.invokeHandlerMethod(RequestMappingHandlerAdapter.java:895)
	at org.springframework.web.servlet.mvc.method.annotation.RequestMappingHandlerAdapter.handleInternal(RequestMappingHandlerAdapter.java:808)
	at org.springframework.web.servlet.mvc.method.AbstractHandlerMethodAdapter.handle(AbstractHandlerMethodAdapter.java:87)
	at org.springframework.web.servlet.DispatcherServlet.doDispatch(DispatcherServlet.java:1067)
	at org.springframework.web.servlet.DispatcherServlet.doService(DispatcherServlet.java:963)
	at org.springframework.web.servlet.FrameworkServlet.processRequest(FrameworkServlet.java:1006)
	at org.springframework.web.servlet.FrameworkServlet.doGet(FrameworkServlet.java:898)
	at javax.servlet.http.HttpServlet.service(HttpServlet.java:655)
	at org.springframework.web.servlet.FrameworkServlet.service(FrameworkServlet.java:883)
	at javax.servlet.http.HttpServlet.service(HttpServlet.java:764)
	at org.apache.catalina.core.ApplicationFilterChain.internalDoFilter(ApplicationFilterChain.java:227)
	at org.apache.catalina.core.ApplicationFilterChain.doFilter(ApplicationFilterChain.java:162)
	at org.apache.tomcat.websocket.server.WsFilter.doFilter(WsFilter.java:53)
	at org.apache.catalina.core.ApplicationFilterChain.internalDoFilter(ApplicationFilterChain.java:189)
	at org.apache.catalina.core.ApplicationFilterChain.doFilter(ApplicationFilterChain.java:162)
	at org.springframework.web.filter.RequestContextFilter.doFilterInternal(RequestContextFilter.java:100)
	at org.springframework.web.filter.OncePerRequestFilter.doFilter(OncePerRequestFilter.java:117)
	at org.apache.catalina.core.ApplicationFilterChain.internalDoFilter(ApplicationFilterChain.java:189)
	at org.apache.catalina.core.ApplicationFilterChain.doFilter(ApplicationFilterChain.java:162)
	at org.springframework.web.filter.FormContentFilter.doFilterInternal(FormContentFilter.java:93)
	at org.springframework.web.filter.OncePerRequestFilter.doFilter(OncePerRequestFilter.java:117)
	at org.apache.catalina.core.ApplicationFilterChain.internalDoFilter(ApplicationFilterChain.java:189)
	at org.apache.catalina.core.ApplicationFilterChain.doFilter(ApplicationFilterChain.java:162)
	at org.springframework.web.filter.CharacterEncodingFilter.doFilterInternal(CharacterEncodingFilter.java:201)
	at org.springframework.web.filter.OncePerRequestFilter.doFilter(OncePerRequestFilter.java:117)
	at org.apache.catalina.core.ApplicationFilterChain.internalDoFilter(ApplicationFilterChain.java:189)
	at org.apache.catalina.core.ApplicationFilterChain.doFilter(ApplicationFilterChain.java:162)
	at org.apache.catalina.core.StandardWrapperValve.invoke(StandardWrapperValve.java:197)
	at org.apache.catalina.core.StandardContextValve.invoke(StandardContextValve.java:97)
	at org.apache.catalina.authenticator.AuthenticatorBase.invoke(AuthenticatorBase.java:540)
	at org.apache.catalina.core.StandardHostValve.invoke(StandardHostValve.java:135)
	at org.apache.catalina.valves.ErrorReportValve.invoke(ErrorReportValve.java:92)
	at org.apache.catalina.core.StandardEngineValve.invoke(StandardEngineValve.java:78)
	at org.apache.catalina.connector.CoyoteAdapter.service(CoyoteAdapter.java:357)
	at org.apache.coyote.http11.Http11Processor.service(Http11Processor.java:382)
	at org.apache.coyote.AbstractProcessorLight.process(AbstractProcessorLight.java:65)
	at org.apache.coyote.AbstractProtocol$ConnectionHandler.process(AbstractProtocol.java:895)
	at org.apache.tomcat.util.net.NioEndpoint$SocketProcessor.doRun(NioEndpoint.java:1732)
	at org.apache.tomcat.util.net.SocketProcessorBase.run(SocketProcessorBase.java:49)
	at org.apache.tomcat.util.threads.ThreadPoolExecutor.runWorker(ThreadPoolExecutor.java:1191)
	at org.apache.tomcat.util.threads.ThreadPoolExecutor$Worker.run(ThreadPoolExecutor.java:659)
	at org.apache.tomcat.util.threads.TaskThread$WrappingRunnable.run(TaskThread.java:61)
	at java.lang.Thread.run(Thread.java:750)
2022-04-08 14:51:04,164 [http-nio-8080-exec-1] WARN  o.a.p.p.font.FileSystemFontProvider                - Finished building on-disk font cache, found 566 fonts
2022-04-08 14:52:37,819 [SpringApplicationShutdownHook] INFO  o.s.o.j.LocalContainerEntityManagerFactoryBean     - Closing JPA EntityManagerFactory for persistence unit 'default'
2022-04-08 14:52:37,823 [SpringApplicationShutdownHook] INFO  com.zaxxer.hikari.HikariDataSource                 - HikariPool-1 - Shutdown initiated...
2022-04-08 14:52:37,829 [SpringApplicationShutdownHook] INFO  com.zaxxer.hikari.HikariDataSource                 - HikariPool-1 - Shutdown completed.
2022-04-08 15:17:57,811 [restartedMain] INFO  userService.UserServiceApplication                 - Starting UserServiceApplication using Java 1.8.0_321 on Spinax with PID 6952 (D:\MockProject\user-service\target\classes started by Calvin in D:\MockProject\user-service)
2022-04-08 15:17:57,840 [restartedMain] INFO  userService.UserServiceApplication                 - No active profile set, falling back to default profiles: default
2022-04-08 15:17:57,880 [restartedMain] INFO  o.s.b.d.e.DevToolsPropertyDefaultsPostProcessor    - Devtools property defaults active! Set 'spring.devtools.add-properties' to 'false' to disable
2022-04-08 15:17:57,880 [restartedMain] INFO  o.s.b.d.e.DevToolsPropertyDefaultsPostProcessor    - For additional web related logging consider setting the 'logging.level.web' property to 'DEBUG'
2022-04-08 15:17:58,487 [restartedMain] INFO  o.s.d.r.c.RepositoryConfigurationDelegate          - Bootstrapping Spring Data JPA repositories in DEFAULT mode.
2022-04-08 15:17:58,552 [restartedMain] INFO  o.s.d.r.c.RepositoryConfigurationDelegate          - Finished Spring Data repository scanning in 52 ms. Found 1 JPA repository interfaces.
2022-04-08 15:17:59,527 [restartedMain] INFO  o.s.b.w.embedded.tomcat.TomcatWebServer            - Tomcat initialized with port(s): 8080 (http)
2022-04-08 15:17:59,535 [restartedMain] INFO  o.apache.coyote.http11.Http11NioProtocol           - Initializing ProtocolHandler ["http-nio-8080"]
2022-04-08 15:17:59,535 [restartedMain] INFO  org.apache.catalina.core.StandardService           - Starting service [Tomcat]
2022-04-08 15:17:59,536 [restartedMain] INFO  org.apache.catalina.core.StandardEngine            - Starting Servlet engine: [Apache Tomcat/9.0.56]
2022-04-08 15:17:59,636 [restartedMain] INFO  o.a.c.c.C.[Tomcat].[localhost].[/]                 - Initializing Spring embedded WebApplicationContext
2022-04-08 15:17:59,636 [restartedMain] INFO  o.s.b.w.s.c.ServletWebServerApplicationContext     - Root WebApplicationContext: initialization completed in 1755 ms
2022-04-08 15:17:59,789 [restartedMain] INFO  com.zaxxer.hikari.HikariDataSource                 - HikariPool-1 - Starting...
2022-04-08 15:18:00,311 [restartedMain] INFO  com.zaxxer.hikari.HikariDataSource                 - HikariPool-1 - Start completed.
2022-04-08 15:18:00,418 [restartedMain] INFO  o.hibernate.jpa.internal.util.LogHelper            - HHH000204: Processing PersistenceUnitInfo [name: default]
2022-04-08 15:18:00,479 [restartedMain] INFO  org.hibernate.Version                              - HHH000412: Hibernate ORM core version 5.6.4.Final
2022-04-08 15:18:00,647 [restartedMain] INFO  org.hibernate.annotations.common.Version           - HCANN000001: Hibernate Commons Annotations {5.1.2.Final}
2022-04-08 15:18:00,769 [restartedMain] INFO  org.hibernate.dialect.Dialect                      - HHH000400: Using dialect: org.hibernate.dialect.PostgreSQL10Dialect
2022-04-08 15:18:01,305 [restartedMain] INFO  o.h.e.t.j.p.i.JtaPlatformInitiator                 - HHH000490: Using JtaPlatform implementation: [org.hibernate.engine.transaction.jta.platform.internal.NoJtaPlatform]
2022-04-08 15:18:01,317 [restartedMain] INFO  o.s.o.j.LocalContainerEntityManagerFactoryBean     - Initialized JPA EntityManagerFactory for persistence unit 'default'
2022-04-08 15:18:01,713 [restartedMain] WARN  o.s.b.a.o.j.JpaBaseConfiguration$JpaWebConfiguration - spring.jpa.open-in-view is enabled by default. Therefore, database queries may be performed during view rendering. Explicitly configure spring.jpa.open-in-view to disable this warning
2022-04-08 15:18:02,154 [restartedMain] INFO  o.s.b.d.a.OptionalLiveReloadServer                 - LiveReload server is running on port 35729
2022-04-08 15:18:02,167 [restartedMain] INFO  o.apache.coyote.http11.Http11NioProtocol           - Starting ProtocolHandler ["http-nio-8080"]
2022-04-08 15:18:02,189 [restartedMain] INFO  o.s.b.w.embedded.tomcat.TomcatWebServer            - Tomcat started on port(s): 8080 (http) with context path ''
2022-04-08 15:18:02,197 [restartedMain] INFO  userService.UserServiceApplication                 - Started UserServiceApplication in 4.779 seconds (JVM running for 5.456)
2022-04-08 15:18:12,841 [http-nio-8080-exec-1] INFO  o.a.c.c.C.[Tomcat].[localhost].[/]                 - Initializing Spring DispatcherServlet 'dispatcherServlet'
2022-04-08 15:18:13,015 [http-nio-8080-exec-1] INFO  userService.service.PDFGenerateService             - This are User In DB: [User(userID=34, firstName=Nicole, lastName=Chong, email=Nicole@gmail.com), User(userID=35, firstName=Calvin, lastName=Tan, email=CT@gmail.com), User(userID=36, firstName=Kelvin, lastName=Lim, email=KL@gmail.com), User(userID=37, firstName=Kok, lastName=Chun, email=KC@gmail.com), User(userID=38, firstName=Euvina, lastName=Lim, email=EL@gmail.com), User(userID=39, firstName=Wooi, lastName=Kang, email=WK@gmail.com)]
2022-04-08 15:18:13,268 [http-nio-8080-exec-1] WARN  o.a.p.p.font.FileSystemFontProvider                - New fonts found, font cache will be re-built
2022-04-08 15:18:13,268 [http-nio-8080-exec-1] WARN  o.a.p.p.font.FileSystemFontProvider                - Building on-disk font cache, this may take a while
2022-04-08 15:18:13,486 [http-nio-8080-exec-1] ERROR o.a.p.p.font.FileSystemFontProvider                - Could not load font file: C:\WINDOWS\FONTS\mstmc.ttf
java.io.EOFException: null
	at org.apache.fontbox.ttf.TTFDataStream.readUnsignedInt(TTFDataStream.java:151)
	at org.apache.fontbox.ttf.TTFParser.readTableDirectory(TTFParser.java:312)
	at org.apache.fontbox.ttf.TTFParser.parse(TTFParser.java:139)
	at org.apache.fontbox.ttf.TTFParser.parse(TTFParser.java:87)
	at org.apache.pdfbox.pdmodel.font.FileSystemFontProvider.addTrueTypeFont(FileSystemFontProvider.java:638)
	at org.apache.pdfbox.pdmodel.font.FileSystemFontProvider.scanFonts(FileSystemFontProvider.java:359)
	at org.apache.pdfbox.pdmodel.font.FileSystemFontProvider.<init>(FileSystemFontProvider.java:338)
	at org.apache.pdfbox.pdmodel.font.FontMapperImpl$DefaultFontProvider.<clinit>(FontMapperImpl.java:140)
	at org.apache.pdfbox.pdmodel.font.FontMapperImpl.getProvider(FontMapperImpl.java:159)
	at org.apache.pdfbox.pdmodel.font.FontMapperImpl.findFont(FontMapperImpl.java:423)
	at org.apache.pdfbox.pdmodel.font.FontMapperImpl.findFontBoxFont(FontMapperImpl.java:386)
	at org.apache.pdfbox.pdmodel.font.FontMapperImpl.getFontBoxFont(FontMapperImpl.java:360)
	at org.apache.pdfbox.pdmodel.font.PDType1Font.<init>(PDType1Font.java:146)
	at org.apache.pdfbox.pdmodel.font.PDType1Font.<clinit>(PDType1Font.java:79)
	at userService.service.PDFGenerateService.exportBox(PDFGenerateService.java:44)
	at userService.controller.PDFGenerateController.generatePDF(PDFGenerateController.java:39)
	at userService.controller.PDFGenerateController$$FastClassBySpringCGLIB$$f8094b95.invoke(<generated>)
	at org.springframework.cglib.proxy.MethodProxy.invoke(MethodProxy.java:218)
	at org.springframework.aop.framework.CglibAopProxy$CglibMethodInvocation.invokeJoinpoint(CglibAopProxy.java:783)
	at org.springframework.aop.framework.ReflectiveMethodInvocation.proceed(ReflectiveMethodInvocation.java:163)
	at org.springframework.aop.framework.CglibAopProxy$CglibMethodInvocation.proceed(CglibAopProxy.java:753)
	at org.springframework.aop.aspectj.AspectJAfterThrowingAdvice.invoke(AspectJAfterThrowingAdvice.java:64)
	at org.springframework.aop.framework.ReflectiveMethodInvocation.proceed(ReflectiveMethodInvocation.java:186)
	at org.springframework.aop.framework.CglibAopProxy$CglibMethodInvocation.proceed(CglibAopProxy.java:753)
	at org.springframework.aop.interceptor.ExposeInvocationInterceptor.invoke(ExposeInvocationInterceptor.java:97)
	at org.springframework.aop.framework.ReflectiveMethodInvocation.proceed(ReflectiveMethodInvocation.java:186)
	at org.springframework.aop.framework.CglibAopProxy$CglibMethodInvocation.proceed(CglibAopProxy.java:753)
	at org.springframework.aop.framework.CglibAopProxy$DynamicAdvisedInterceptor.intercept(CglibAopProxy.java:698)
	at userService.controller.PDFGenerateController$$EnhancerBySpringCGLIB$$b4b8de19.generatePDF(<generated>)
	at sun.reflect.NativeMethodAccessorImpl.invoke0(Native Method)
	at sun.reflect.NativeMethodAccessorImpl.invoke(NativeMethodAccessorImpl.java:62)
	at sun.reflect.DelegatingMethodAccessorImpl.invoke(DelegatingMethodAccessorImpl.java:43)
	at java.lang.reflect.Method.invoke(Method.java:498)
	at org.springframework.web.method.support.InvocableHandlerMethod.doInvoke(InvocableHandlerMethod.java:205)
	at org.springframework.web.method.support.InvocableHandlerMethod.invokeForRequest(InvocableHandlerMethod.java:150)
	at org.springframework.web.servlet.mvc.method.annotation.ServletInvocableHandlerMethod.invokeAndHandle(ServletInvocableHandlerMethod.java:117)
	at org.springframework.web.servlet.mvc.method.annotation.RequestMappingHandlerAdapter.invokeHandlerMethod(RequestMappingHandlerAdapter.java:895)
	at org.springframework.web.servlet.mvc.method.annotation.RequestMappingHandlerAdapter.handleInternal(RequestMappingHandlerAdapter.java:808)
	at org.springframework.web.servlet.mvc.method.AbstractHandlerMethodAdapter.handle(AbstractHandlerMethodAdapter.java:87)
	at org.springframework.web.servlet.DispatcherServlet.doDispatch(DispatcherServlet.java:1067)
	at org.springframework.web.servlet.DispatcherServlet.doService(DispatcherServlet.java:963)
	at org.springframework.web.servlet.FrameworkServlet.processRequest(FrameworkServlet.java:1006)
	at org.springframework.web.servlet.FrameworkServlet.doGet(FrameworkServlet.java:898)
	at javax.servlet.http.HttpServlet.service(HttpServlet.java:655)
	at org.springframework.web.servlet.FrameworkServlet.service(FrameworkServlet.java:883)
	at javax.servlet.http.HttpServlet.service(HttpServlet.java:764)
	at org.apache.catalina.core.ApplicationFilterChain.internalDoFilter(ApplicationFilterChain.java:227)
	at org.apache.catalina.core.ApplicationFilterChain.doFilter(ApplicationFilterChain.java:162)
	at org.apache.tomcat.websocket.server.WsFilter.doFilter(WsFilter.java:53)
	at org.apache.catalina.core.ApplicationFilterChain.internalDoFilter(ApplicationFilterChain.java:189)
	at org.apache.catalina.core.ApplicationFilterChain.doFilter(ApplicationFilterChain.java:162)
	at org.springframework.web.filter.RequestContextFilter.doFilterInternal(RequestContextFilter.java:100)
	at org.springframework.web.filter.OncePerRequestFilter.doFilter(OncePerRequestFilter.java:117)
	at org.apache.catalina.core.ApplicationFilterChain.internalDoFilter(ApplicationFilterChain.java:189)
	at org.apache.catalina.core.ApplicationFilterChain.doFilter(ApplicationFilterChain.java:162)
	at org.springframework.web.filter.FormContentFilter.doFilterInternal(FormContentFilter.java:93)
	at org.springframework.web.filter.OncePerRequestFilter.doFilter(OncePerRequestFilter.java:117)
	at org.apache.catalina.core.ApplicationFilterChain.internalDoFilter(ApplicationFilterChain.java:189)
	at org.apache.catalina.core.ApplicationFilterChain.doFilter(ApplicationFilterChain.java:162)
	at org.springframework.web.filter.CharacterEncodingFilter.doFilterInternal(CharacterEncodingFilter.java:201)
	at org.springframework.web.filter.OncePerRequestFilter.doFilter(OncePerRequestFilter.java:117)
	at org.apache.catalina.core.ApplicationFilterChain.internalDoFilter(ApplicationFilterChain.java:189)
	at org.apache.catalina.core.ApplicationFilterChain.doFilter(ApplicationFilterChain.java:162)
	at org.apache.catalina.core.StandardWrapperValve.invoke(StandardWrapperValve.java:197)
	at org.apache.catalina.core.StandardContextValve.invoke(StandardContextValve.java:97)
	at org.apache.catalina.authenticator.AuthenticatorBase.invoke(AuthenticatorBase.java:540)
	at org.apache.catalina.core.StandardHostValve.invoke(StandardHostValve.java:135)
	at org.apache.catalina.valves.ErrorReportValve.invoke(ErrorReportValve.java:92)
	at org.apache.catalina.core.StandardEngineValve.invoke(StandardEngineValve.java:78)
	at org.apache.catalina.connector.CoyoteAdapter.service(CoyoteAdapter.java:357)
	at org.apache.coyote.http11.Http11Processor.service(Http11Processor.java:382)
	at org.apache.coyote.AbstractProcessorLight.process(AbstractProcessorLight.java:65)
	at org.apache.coyote.AbstractProtocol$ConnectionHandler.process(AbstractProtocol.java:895)
	at org.apache.tomcat.util.net.NioEndpoint$SocketProcessor.doRun(NioEndpoint.java:1732)
	at org.apache.tomcat.util.net.SocketProcessorBase.run(SocketProcessorBase.java:49)
	at org.apache.tomcat.util.threads.ThreadPoolExecutor.runWorker(ThreadPoolExecutor.java:1191)
	at org.apache.tomcat.util.threads.ThreadPoolExecutor$Worker.run(ThreadPoolExecutor.java:659)
	at org.apache.tomcat.util.threads.TaskThread$WrappingRunnable.run(TaskThread.java:61)
	at java.lang.Thread.run(Thread.java:750)
2022-04-08 15:18:13,676 [http-nio-8080-exec-1] WARN  o.a.p.p.font.FileSystemFontProvider                - Finished building on-disk font cache, found 566 fonts
2022-04-08 15:19:29,013 [SpringApplicationShutdownHook] INFO  o.s.o.j.LocalContainerEntityManagerFactoryBean     - Closing JPA EntityManagerFactory for persistence unit 'default'
2022-04-08 15:19:29,016 [SpringApplicationShutdownHook] INFO  com.zaxxer.hikari.HikariDataSource                 - HikariPool-1 - Shutdown initiated...
2022-04-08 15:19:29,020 [SpringApplicationShutdownHook] INFO  com.zaxxer.hikari.HikariDataSource                 - HikariPool-1 - Shutdown completed.
2022-04-08 15:27:39,344 [restartedMain] INFO  userService.UserServiceApplication                 - Starting UserServiceApplication using Java 1.8.0_321 on Spinax with PID 5792 (D:\MockProject\user-service\target\classes started by Calvin in D:\MockProject\user-service)
2022-04-08 15:27:39,346 [restartedMain] INFO  userService.UserServiceApplication                 - No active profile set, falling back to default profiles: default
2022-04-08 15:27:39,383 [restartedMain] INFO  o.s.b.d.e.DevToolsPropertyDefaultsPostProcessor    - Devtools property defaults active! Set 'spring.devtools.add-properties' to 'false' to disable
2022-04-08 15:27:39,383 [restartedMain] INFO  o.s.b.d.e.DevToolsPropertyDefaultsPostProcessor    - For additional web related logging consider setting the 'logging.level.web' property to 'DEBUG'
2022-04-08 15:27:39,842 [restartedMain] INFO  o.s.d.r.c.RepositoryConfigurationDelegate          - Bootstrapping Spring Data JPA repositories in DEFAULT mode.
2022-04-08 15:27:39,890 [restartedMain] INFO  o.s.d.r.c.RepositoryConfigurationDelegate          - Finished Spring Data repository scanning in 40 ms. Found 1 JPA repository interfaces.
2022-04-08 15:27:40,659 [restartedMain] INFO  o.s.b.w.embedded.tomcat.TomcatWebServer            - Tomcat initialized with port(s): 8080 (http)
2022-04-08 15:27:40,664 [restartedMain] INFO  o.apache.coyote.http11.Http11NioProtocol           - Initializing ProtocolHandler ["http-nio-8080"]
2022-04-08 15:27:40,665 [restartedMain] INFO  org.apache.catalina.core.StandardService           - Starting service [Tomcat]
2022-04-08 15:27:40,666 [restartedMain] INFO  org.apache.catalina.core.StandardEngine            - Starting Servlet engine: [Apache Tomcat/9.0.56]
2022-04-08 15:27:40,732 [restartedMain] INFO  o.a.c.c.C.[Tomcat].[localhost].[/]                 - Initializing Spring embedded WebApplicationContext
2022-04-08 15:27:40,733 [restartedMain] INFO  o.s.b.w.s.c.ServletWebServerApplicationContext     - Root WebApplicationContext: initialization completed in 1349 ms
2022-04-08 15:27:40,842 [restartedMain] INFO  com.zaxxer.hikari.HikariDataSource                 - HikariPool-1 - Starting...
2022-04-08 15:27:41,288 [restartedMain] INFO  com.zaxxer.hikari.HikariDataSource                 - HikariPool-1 - Start completed.
2022-04-08 15:27:41,399 [restartedMain] INFO  o.hibernate.jpa.internal.util.LogHelper            - HHH000204: Processing PersistenceUnitInfo [name: default]
2022-04-08 15:27:41,436 [restartedMain] INFO  org.hibernate.Version                              - HHH000412: Hibernate ORM core version 5.6.4.Final
2022-04-08 15:27:41,548 [restartedMain] INFO  org.hibernate.annotations.common.Version           - HCANN000001: Hibernate Commons Annotations {5.1.2.Final}
2022-04-08 15:27:41,639 [restartedMain] INFO  org.hibernate.dialect.Dialect                      - HHH000400: Using dialect: org.hibernate.dialect.PostgreSQL10Dialect
2022-04-08 15:27:42,005 [restartedMain] INFO  o.h.e.t.j.p.i.JtaPlatformInitiator                 - HHH000490: Using JtaPlatform implementation: [org.hibernate.engine.transaction.jta.platform.internal.NoJtaPlatform]
2022-04-08 15:27:42,013 [restartedMain] INFO  o.s.o.j.LocalContainerEntityManagerFactoryBean     - Initialized JPA EntityManagerFactory for persistence unit 'default'
2022-04-08 15:27:42,307 [restartedMain] WARN  o.s.b.a.o.j.JpaBaseConfiguration$JpaWebConfiguration - spring.jpa.open-in-view is enabled by default. Therefore, database queries may be performed during view rendering. Explicitly configure spring.jpa.open-in-view to disable this warning
2022-04-08 15:27:42,672 [restartedMain] INFO  o.s.b.d.a.OptionalLiveReloadServer                 - LiveReload server is running on port 35729
2022-04-08 15:27:42,684 [restartedMain] INFO  o.apache.coyote.http11.Http11NioProtocol           - Starting ProtocolHandler ["http-nio-8080"]
2022-04-08 15:27:42,696 [restartedMain] INFO  o.s.b.w.embedded.tomcat.TomcatWebServer            - Tomcat started on port(s): 8080 (http) with context path ''
2022-04-08 15:27:42,705 [restartedMain] INFO  userService.UserServiceApplication                 - Started UserServiceApplication in 3.654 seconds (JVM running for 4.125)
2022-04-08 15:27:52,117 [http-nio-8080-exec-1] INFO  o.a.c.c.C.[Tomcat].[localhost].[/]                 - Initializing Spring DispatcherServlet 'dispatcherServlet'
2022-04-08 15:27:52,263 [http-nio-8080-exec-1] INFO  userService.service.PDFGenerateService             - This are User In DB: [User(userID=34, firstName=Nicole, lastName=Chong, email=Nicole@gmail.com), User(userID=35, firstName=Calvin, lastName=Tan, email=CT@gmail.com), User(userID=36, firstName=Kelvin, lastName=Lim, email=KL@gmail.com), User(userID=37, firstName=Kok, lastName=Chun, email=KC@gmail.com), User(userID=38, firstName=Euvina, lastName=Lim, email=EL@gmail.com), User(userID=39, firstName=Wooi, lastName=Kang, email=WK@gmail.com)]
2022-04-08 15:27:52,468 [http-nio-8080-exec-1] WARN  o.a.p.p.font.FileSystemFontProvider                - New fonts found, font cache will be re-built
2022-04-08 15:27:52,468 [http-nio-8080-exec-1] WARN  o.a.p.p.font.FileSystemFontProvider                - Building on-disk font cache, this may take a while
2022-04-08 15:27:52,543 [http-nio-8080-exec-1] ERROR o.a.p.p.font.FileSystemFontProvider                - Could not load font file: C:\WINDOWS\FONTS\mstmc.ttf
java.io.EOFException: null
	at org.apache.fontbox.ttf.TTFDataStream.readUnsignedInt(TTFDataStream.java:151)
	at org.apache.fontbox.ttf.TTFParser.readTableDirectory(TTFParser.java:312)
	at org.apache.fontbox.ttf.TTFParser.parse(TTFParser.java:139)
	at org.apache.fontbox.ttf.TTFParser.parse(TTFParser.java:87)
	at org.apache.pdfbox.pdmodel.font.FileSystemFontProvider.addTrueTypeFont(FileSystemFontProvider.java:638)
	at org.apache.pdfbox.pdmodel.font.FileSystemFontProvider.scanFonts(FileSystemFontProvider.java:359)
	at org.apache.pdfbox.pdmodel.font.FileSystemFontProvider.<init>(FileSystemFontProvider.java:338)
	at org.apache.pdfbox.pdmodel.font.FontMapperImpl$DefaultFontProvider.<clinit>(FontMapperImpl.java:140)
	at org.apache.pdfbox.pdmodel.font.FontMapperImpl.getProvider(FontMapperImpl.java:159)
	at org.apache.pdfbox.pdmodel.font.FontMapperImpl.findFont(FontMapperImpl.java:423)
	at org.apache.pdfbox.pdmodel.font.FontMapperImpl.findFontBoxFont(FontMapperImpl.java:386)
	at org.apache.pdfbox.pdmodel.font.FontMapperImpl.getFontBoxFont(FontMapperImpl.java:360)
	at org.apache.pdfbox.pdmodel.font.PDType1Font.<init>(PDType1Font.java:146)
	at org.apache.pdfbox.pdmodel.font.PDType1Font.<clinit>(PDType1Font.java:79)
	at userService.service.PDFGenerateService.exportBox(PDFGenerateService.java:44)
	at userService.controller.PDFGenerateController.generatePDF(PDFGenerateController.java:39)
	at userService.controller.PDFGenerateController$$FastClassBySpringCGLIB$$f8094b95.invoke(<generated>)
	at org.springframework.cglib.proxy.MethodProxy.invoke(MethodProxy.java:218)
	at org.springframework.aop.framework.CglibAopProxy$CglibMethodInvocation.invokeJoinpoint(CglibAopProxy.java:783)
	at org.springframework.aop.framework.ReflectiveMethodInvocation.proceed(ReflectiveMethodInvocation.java:163)
	at org.springframework.aop.framework.CglibAopProxy$CglibMethodInvocation.proceed(CglibAopProxy.java:753)
	at org.springframework.aop.aspectj.AspectJAfterThrowingAdvice.invoke(AspectJAfterThrowingAdvice.java:64)
	at org.springframework.aop.framework.ReflectiveMethodInvocation.proceed(ReflectiveMethodInvocation.java:186)
	at org.springframework.aop.framework.CglibAopProxy$CglibMethodInvocation.proceed(CglibAopProxy.java:753)
	at org.springframework.aop.interceptor.ExposeInvocationInterceptor.invoke(ExposeInvocationInterceptor.java:97)
	at org.springframework.aop.framework.ReflectiveMethodInvocation.proceed(ReflectiveMethodInvocation.java:186)
	at org.springframework.aop.framework.CglibAopProxy$CglibMethodInvocation.proceed(CglibAopProxy.java:753)
	at org.springframework.aop.framework.CglibAopProxy$DynamicAdvisedInterceptor.intercept(CglibAopProxy.java:698)
	at userService.controller.PDFGenerateController$$EnhancerBySpringCGLIB$$1632a08c.generatePDF(<generated>)
	at sun.reflect.NativeMethodAccessorImpl.invoke0(Native Method)
	at sun.reflect.NativeMethodAccessorImpl.invoke(NativeMethodAccessorImpl.java:62)
	at sun.reflect.DelegatingMethodAccessorImpl.invoke(DelegatingMethodAccessorImpl.java:43)
	at java.lang.reflect.Method.invoke(Method.java:498)
	at org.springframework.web.method.support.InvocableHandlerMethod.doInvoke(InvocableHandlerMethod.java:205)
	at org.springframework.web.method.support.InvocableHandlerMethod.invokeForRequest(InvocableHandlerMethod.java:150)
	at org.springframework.web.servlet.mvc.method.annotation.ServletInvocableHandlerMethod.invokeAndHandle(ServletInvocableHandlerMethod.java:117)
	at org.springframework.web.servlet.mvc.method.annotation.RequestMappingHandlerAdapter.invokeHandlerMethod(RequestMappingHandlerAdapter.java:895)
	at org.springframework.web.servlet.mvc.method.annotation.RequestMappingHandlerAdapter.handleInternal(RequestMappingHandlerAdapter.java:808)
	at org.springframework.web.servlet.mvc.method.AbstractHandlerMethodAdapter.handle(AbstractHandlerMethodAdapter.java:87)
	at org.springframework.web.servlet.DispatcherServlet.doDispatch(DispatcherServlet.java:1067)
	at org.springframework.web.servlet.DispatcherServlet.doService(DispatcherServlet.java:963)
	at org.springframework.web.servlet.FrameworkServlet.processRequest(FrameworkServlet.java:1006)
	at org.springframework.web.servlet.FrameworkServlet.doGet(FrameworkServlet.java:898)
	at javax.servlet.http.HttpServlet.service(HttpServlet.java:655)
	at org.springframework.web.servlet.FrameworkServlet.service(FrameworkServlet.java:883)
	at javax.servlet.http.HttpServlet.service(HttpServlet.java:764)
	at org.apache.catalina.core.ApplicationFilterChain.internalDoFilter(ApplicationFilterChain.java:227)
	at org.apache.catalina.core.ApplicationFilterChain.doFilter(ApplicationFilterChain.java:162)
	at org.apache.tomcat.websocket.server.WsFilter.doFilter(WsFilter.java:53)
	at org.apache.catalina.core.ApplicationFilterChain.internalDoFilter(ApplicationFilterChain.java:189)
	at org.apache.catalina.core.ApplicationFilterChain.doFilter(ApplicationFilterChain.java:162)
	at org.springframework.web.filter.RequestContextFilter.doFilterInternal(RequestContextFilter.java:100)
	at org.springframework.web.filter.OncePerRequestFilter.doFilter(OncePerRequestFilter.java:117)
	at org.apache.catalina.core.ApplicationFilterChain.internalDoFilter(ApplicationFilterChain.java:189)
	at org.apache.catalina.core.ApplicationFilterChain.doFilter(ApplicationFilterChain.java:162)
	at org.springframework.web.filter.FormContentFilter.doFilterInternal(FormContentFilter.java:93)
	at org.springframework.web.filter.OncePerRequestFilter.doFilter(OncePerRequestFilter.java:117)
	at org.apache.catalina.core.ApplicationFilterChain.internalDoFilter(ApplicationFilterChain.java:189)
	at org.apache.catalina.core.ApplicationFilterChain.doFilter(ApplicationFilterChain.java:162)
	at org.springframework.web.filter.CharacterEncodingFilter.doFilterInternal(CharacterEncodingFilter.java:201)
	at org.springframework.web.filter.OncePerRequestFilter.doFilter(OncePerRequestFilter.java:117)
	at org.apache.catalina.core.ApplicationFilterChain.internalDoFilter(ApplicationFilterChain.java:189)
	at org.apache.catalina.core.ApplicationFilterChain.doFilter(ApplicationFilterChain.java:162)
	at org.apache.catalina.core.StandardWrapperValve.invoke(StandardWrapperValve.java:197)
	at org.apache.catalina.core.StandardContextValve.invoke(StandardContextValve.java:97)
	at org.apache.catalina.authenticator.AuthenticatorBase.invoke(AuthenticatorBase.java:540)
	at org.apache.catalina.core.StandardHostValve.invoke(StandardHostValve.java:135)
	at org.apache.catalina.valves.ErrorReportValve.invoke(ErrorReportValve.java:92)
	at org.apache.catalina.core.StandardEngineValve.invoke(StandardEngineValve.java:78)
	at org.apache.catalina.connector.CoyoteAdapter.service(CoyoteAdapter.java:357)
	at org.apache.coyote.http11.Http11Processor.service(Http11Processor.java:382)
	at org.apache.coyote.AbstractProcessorLight.process(AbstractProcessorLight.java:65)
	at org.apache.coyote.AbstractProtocol$ConnectionHandler.process(AbstractProtocol.java:895)
	at org.apache.tomcat.util.net.NioEndpoint$SocketProcessor.doRun(NioEndpoint.java:1732)
	at org.apache.tomcat.util.net.SocketProcessorBase.run(SocketProcessorBase.java:49)
	at org.apache.tomcat.util.threads.ThreadPoolExecutor.runWorker(ThreadPoolExecutor.java:1191)
	at org.apache.tomcat.util.threads.ThreadPoolExecutor$Worker.run(ThreadPoolExecutor.java:659)
	at org.apache.tomcat.util.threads.TaskThread$WrappingRunnable.run(TaskThread.java:61)
	at java.lang.Thread.run(Thread.java:750)
2022-04-08 15:27:52,590 [http-nio-8080-exec-1] WARN  o.a.p.p.font.FileSystemFontProvider                - Finished building on-disk font cache, found 566 fonts
2022-04-08 15:28:09,092 [SpringApplicationShutdownHook] INFO  o.s.o.j.LocalContainerEntityManagerFactoryBean     - Closing JPA EntityManagerFactory for persistence unit 'default'
2022-04-08 15:28:09,095 [SpringApplicationShutdownHook] INFO  com.zaxxer.hikari.HikariDataSource                 - HikariPool-1 - Shutdown initiated...
2022-04-08 15:28:09,097 [SpringApplicationShutdownHook] INFO  com.zaxxer.hikari.HikariDataSource                 - HikariPool-1 - Shutdown completed.
2022-04-08 15:28:20,239 [restartedMain] INFO  userService.UserServiceApplication                 - Starting UserServiceApplication using Java 1.8.0_321 on Spinax with PID 24884 (D:\MockProject\user-service\target\classes started by Calvin in D:\MockProject\user-service)
2022-04-08 15:28:20,242 [restartedMain] INFO  userService.UserServiceApplication                 - No active profile set, falling back to default profiles: default
2022-04-08 15:28:20,282 [restartedMain] INFO  o.s.b.d.e.DevToolsPropertyDefaultsPostProcessor    - Devtools property defaults active! Set 'spring.devtools.add-properties' to 'false' to disable
2022-04-08 15:28:20,283 [restartedMain] INFO  o.s.b.d.e.DevToolsPropertyDefaultsPostProcessor    - For additional web related logging consider setting the 'logging.level.web' property to 'DEBUG'
2022-04-08 15:28:20,746 [restartedMain] INFO  o.s.d.r.c.RepositoryConfigurationDelegate          - Bootstrapping Spring Data JPA repositories in DEFAULT mode.
2022-04-08 15:28:20,789 [restartedMain] INFO  o.s.d.r.c.RepositoryConfigurationDelegate          - Finished Spring Data repository scanning in 36 ms. Found 1 JPA repository interfaces.
2022-04-08 15:28:21,572 [restartedMain] INFO  o.s.b.w.embedded.tomcat.TomcatWebServer            - Tomcat initialized with port(s): 8080 (http)
2022-04-08 15:28:21,578 [restartedMain] INFO  o.apache.coyote.http11.Http11NioProtocol           - Initializing ProtocolHandler ["http-nio-8080"]
2022-04-08 15:28:21,579 [restartedMain] INFO  org.apache.catalina.core.StandardService           - Starting service [Tomcat]
2022-04-08 15:28:21,579 [restartedMain] INFO  org.apache.catalina.core.StandardEngine            - Starting Servlet engine: [Apache Tomcat/9.0.56]
2022-04-08 15:28:21,648 [restartedMain] INFO  o.a.c.c.C.[Tomcat].[localhost].[/]                 - Initializing Spring embedded WebApplicationContext
2022-04-08 15:28:21,648 [restartedMain] INFO  o.s.b.w.s.c.ServletWebServerApplicationContext     - Root WebApplicationContext: initialization completed in 1365 ms
2022-04-08 15:28:21,757 [restartedMain] INFO  com.zaxxer.hikari.HikariDataSource                 - HikariPool-1 - Starting...
2022-04-08 15:28:22,206 [restartedMain] INFO  com.zaxxer.hikari.HikariDataSource                 - HikariPool-1 - Start completed.
2022-04-08 15:28:22,315 [restartedMain] INFO  o.hibernate.jpa.internal.util.LogHelper            - HHH000204: Processing PersistenceUnitInfo [name: default]
2022-04-08 15:28:22,354 [restartedMain] INFO  org.hibernate.Version                              - HHH000412: Hibernate ORM core version 5.6.4.Final
2022-04-08 15:28:22,459 [restartedMain] INFO  org.hibernate.annotations.common.Version           - HCANN000001: Hibernate Commons Annotations {5.1.2.Final}
2022-04-08 15:28:22,549 [restartedMain] INFO  org.hibernate.dialect.Dialect                      - HHH000400: Using dialect: org.hibernate.dialect.PostgreSQL10Dialect
2022-04-08 15:28:22,916 [restartedMain] INFO  o.h.e.t.j.p.i.JtaPlatformInitiator                 - HHH000490: Using JtaPlatform implementation: [org.hibernate.engine.transaction.jta.platform.internal.NoJtaPlatform]
2022-04-08 15:28:22,925 [restartedMain] INFO  o.s.o.j.LocalContainerEntityManagerFactoryBean     - Initialized JPA EntityManagerFactory for persistence unit 'default'
2022-04-08 15:28:23,220 [restartedMain] WARN  o.s.b.a.o.j.JpaBaseConfiguration$JpaWebConfiguration - spring.jpa.open-in-view is enabled by default. Therefore, database queries may be performed during view rendering. Explicitly configure spring.jpa.open-in-view to disable this warning
2022-04-08 15:28:23,596 [restartedMain] INFO  o.s.b.d.a.OptionalLiveReloadServer                 - LiveReload server is running on port 35729
2022-04-08 15:28:23,609 [restartedMain] INFO  o.apache.coyote.http11.Http11NioProtocol           - Starting ProtocolHandler ["http-nio-8080"]
2022-04-08 15:28:23,623 [restartedMain] INFO  o.s.b.w.embedded.tomcat.TomcatWebServer            - Tomcat started on port(s): 8080 (http) with context path ''
2022-04-08 15:28:23,632 [restartedMain] INFO  userService.UserServiceApplication                 - Started UserServiceApplication in 3.685 seconds (JVM running for 4.165)
2022-04-08 15:28:36,998 [http-nio-8080-exec-1] INFO  o.a.c.c.C.[Tomcat].[localhost].[/]                 - Initializing Spring DispatcherServlet 'dispatcherServlet'
2022-04-08 15:28:37,145 [http-nio-8080-exec-1] INFO  userService.service.PDFGenerateService             - This are User In DB: [User(userID=34, firstName=Nicole, lastName=Chong, email=Nicole@gmail.com), User(userID=35, firstName=Calvin, lastName=Tan, email=CT@gmail.com), User(userID=36, firstName=Kelvin, lastName=Lim, email=KL@gmail.com), User(userID=37, firstName=Kok, lastName=Chun, email=KC@gmail.com), User(userID=38, firstName=Euvina, lastName=Lim, email=EL@gmail.com), User(userID=39, firstName=Wooi, lastName=Kang, email=WK@gmail.com)]
2022-04-08 15:28:37,354 [http-nio-8080-exec-1] WARN  o.a.p.p.font.FileSystemFontProvider                - New fonts found, font cache will be re-built
2022-04-08 15:28:37,355 [http-nio-8080-exec-1] WARN  o.a.p.p.font.FileSystemFontProvider                - Building on-disk font cache, this may take a while
2022-04-08 15:28:37,432 [http-nio-8080-exec-1] ERROR o.a.p.p.font.FileSystemFontProvider                - Could not load font file: C:\WINDOWS\FONTS\mstmc.ttf
java.io.EOFException: null
	at org.apache.fontbox.ttf.TTFDataStream.readUnsignedInt(TTFDataStream.java:151)
	at org.apache.fontbox.ttf.TTFParser.readTableDirectory(TTFParser.java:312)
	at org.apache.fontbox.ttf.TTFParser.parse(TTFParser.java:139)
	at org.apache.fontbox.ttf.TTFParser.parse(TTFParser.java:87)
	at org.apache.pdfbox.pdmodel.font.FileSystemFontProvider.addTrueTypeFont(FileSystemFontProvider.java:638)
	at org.apache.pdfbox.pdmodel.font.FileSystemFontProvider.scanFonts(FileSystemFontProvider.java:359)
	at org.apache.pdfbox.pdmodel.font.FileSystemFontProvider.<init>(FileSystemFontProvider.java:338)
	at org.apache.pdfbox.pdmodel.font.FontMapperImpl$DefaultFontProvider.<clinit>(FontMapperImpl.java:140)
	at org.apache.pdfbox.pdmodel.font.FontMapperImpl.getProvider(FontMapperImpl.java:159)
	at org.apache.pdfbox.pdmodel.font.FontMapperImpl.findFont(FontMapperImpl.java:423)
	at org.apache.pdfbox.pdmodel.font.FontMapperImpl.findFontBoxFont(FontMapperImpl.java:386)
	at org.apache.pdfbox.pdmodel.font.FontMapperImpl.getFontBoxFont(FontMapperImpl.java:360)
	at org.apache.pdfbox.pdmodel.font.PDType1Font.<init>(PDType1Font.java:146)
	at org.apache.pdfbox.pdmodel.font.PDType1Font.<clinit>(PDType1Font.java:79)
	at userService.service.PDFGenerateService.exportBox(PDFGenerateService.java:44)
	at userService.controller.PDFGenerateController.generatePDF(PDFGenerateController.java:39)
	at userService.controller.PDFGenerateController$$FastClassBySpringCGLIB$$f8094b95.invoke(<generated>)
	at org.springframework.cglib.proxy.MethodProxy.invoke(MethodProxy.java:218)
	at org.springframework.aop.framework.CglibAopProxy$CglibMethodInvocation.invokeJoinpoint(CglibAopProxy.java:783)
	at org.springframework.aop.framework.ReflectiveMethodInvocation.proceed(ReflectiveMethodInvocation.java:163)
	at org.springframework.aop.framework.CglibAopProxy$CglibMethodInvocation.proceed(CglibAopProxy.java:753)
	at org.springframework.aop.aspectj.AspectJAfterThrowingAdvice.invoke(AspectJAfterThrowingAdvice.java:64)
	at org.springframework.aop.framework.ReflectiveMethodInvocation.proceed(ReflectiveMethodInvocation.java:186)
	at org.springframework.aop.framework.CglibAopProxy$CglibMethodInvocation.proceed(CglibAopProxy.java:753)
	at org.springframework.aop.interceptor.ExposeInvocationInterceptor.invoke(ExposeInvocationInterceptor.java:97)
	at org.springframework.aop.framework.ReflectiveMethodInvocation.proceed(ReflectiveMethodInvocation.java:186)
	at org.springframework.aop.framework.CglibAopProxy$CglibMethodInvocation.proceed(CglibAopProxy.java:753)
	at org.springframework.aop.framework.CglibAopProxy$DynamicAdvisedInterceptor.intercept(CglibAopProxy.java:698)
	at userService.controller.PDFGenerateController$$EnhancerBySpringCGLIB$$958507a1.generatePDF(<generated>)
	at sun.reflect.NativeMethodAccessorImpl.invoke0(Native Method)
	at sun.reflect.NativeMethodAccessorImpl.invoke(NativeMethodAccessorImpl.java:62)
	at sun.reflect.DelegatingMethodAccessorImpl.invoke(DelegatingMethodAccessorImpl.java:43)
	at java.lang.reflect.Method.invoke(Method.java:498)
	at org.springframework.web.method.support.InvocableHandlerMethod.doInvoke(InvocableHandlerMethod.java:205)
	at org.springframework.web.method.support.InvocableHandlerMethod.invokeForRequest(InvocableHandlerMethod.java:150)
	at org.springframework.web.servlet.mvc.method.annotation.ServletInvocableHandlerMethod.invokeAndHandle(ServletInvocableHandlerMethod.java:117)
	at org.springframework.web.servlet.mvc.method.annotation.RequestMappingHandlerAdapter.invokeHandlerMethod(RequestMappingHandlerAdapter.java:895)
	at org.springframework.web.servlet.mvc.method.annotation.RequestMappingHandlerAdapter.handleInternal(RequestMappingHandlerAdapter.java:808)
	at org.springframework.web.servlet.mvc.method.AbstractHandlerMethodAdapter.handle(AbstractHandlerMethodAdapter.java:87)
	at org.springframework.web.servlet.DispatcherServlet.doDispatch(DispatcherServlet.java:1067)
	at org.springframework.web.servlet.DispatcherServlet.doService(DispatcherServlet.java:963)
	at org.springframework.web.servlet.FrameworkServlet.processRequest(FrameworkServlet.java:1006)
	at org.springframework.web.servlet.FrameworkServlet.doGet(FrameworkServlet.java:898)
	at javax.servlet.http.HttpServlet.service(HttpServlet.java:655)
	at org.springframework.web.servlet.FrameworkServlet.service(FrameworkServlet.java:883)
	at javax.servlet.http.HttpServlet.service(HttpServlet.java:764)
	at org.apache.catalina.core.ApplicationFilterChain.internalDoFilter(ApplicationFilterChain.java:227)
	at org.apache.catalina.core.ApplicationFilterChain.doFilter(ApplicationFilterChain.java:162)
	at org.apache.tomcat.websocket.server.WsFilter.doFilter(WsFilter.java:53)
	at org.apache.catalina.core.ApplicationFilterChain.internalDoFilter(ApplicationFilterChain.java:189)
	at org.apache.catalina.core.ApplicationFilterChain.doFilter(ApplicationFilterChain.java:162)
	at org.springframework.web.filter.RequestContextFilter.doFilterInternal(RequestContextFilter.java:100)
	at org.springframework.web.filter.OncePerRequestFilter.doFilter(OncePerRequestFilter.java:117)
	at org.apache.catalina.core.ApplicationFilterChain.internalDoFilter(ApplicationFilterChain.java:189)
	at org.apache.catalina.core.ApplicationFilterChain.doFilter(ApplicationFilterChain.java:162)
	at org.springframework.web.filter.FormContentFilter.doFilterInternal(FormContentFilter.java:93)
	at org.springframework.web.filter.OncePerRequestFilter.doFilter(OncePerRequestFilter.java:117)
	at org.apache.catalina.core.ApplicationFilterChain.internalDoFilter(ApplicationFilterChain.java:189)
	at org.apache.catalina.core.ApplicationFilterChain.doFilter(ApplicationFilterChain.java:162)
	at org.springframework.web.filter.CharacterEncodingFilter.doFilterInternal(CharacterEncodingFilter.java:201)
	at org.springframework.web.filter.OncePerRequestFilter.doFilter(OncePerRequestFilter.java:117)
	at org.apache.catalina.core.ApplicationFilterChain.internalDoFilter(ApplicationFilterChain.java:189)
	at org.apache.catalina.core.ApplicationFilterChain.doFilter(ApplicationFilterChain.java:162)
	at org.apache.catalina.core.StandardWrapperValve.invoke(StandardWrapperValve.java:197)
	at org.apache.catalina.core.StandardContextValve.invoke(StandardContextValve.java:97)
	at org.apache.catalina.authenticator.AuthenticatorBase.invoke(AuthenticatorBase.java:540)
	at org.apache.catalina.core.StandardHostValve.invoke(StandardHostValve.java:135)
	at org.apache.catalina.valves.ErrorReportValve.invoke(ErrorReportValve.java:92)
	at org.apache.catalina.core.StandardEngineValve.invoke(StandardEngineValve.java:78)
	at org.apache.catalina.connector.CoyoteAdapter.service(CoyoteAdapter.java:357)
	at org.apache.coyote.http11.Http11Processor.service(Http11Processor.java:382)
	at org.apache.coyote.AbstractProcessorLight.process(AbstractProcessorLight.java:65)
	at org.apache.coyote.AbstractProtocol$ConnectionHandler.process(AbstractProtocol.java:895)
	at org.apache.tomcat.util.net.NioEndpoint$SocketProcessor.doRun(NioEndpoint.java:1732)
	at org.apache.tomcat.util.net.SocketProcessorBase.run(SocketProcessorBase.java:49)
	at org.apache.tomcat.util.threads.ThreadPoolExecutor.runWorker(ThreadPoolExecutor.java:1191)
	at org.apache.tomcat.util.threads.ThreadPoolExecutor$Worker.run(ThreadPoolExecutor.java:659)
	at org.apache.tomcat.util.threads.TaskThread$WrappingRunnable.run(TaskThread.java:61)
	at java.lang.Thread.run(Thread.java:750)
2022-04-08 15:28:37,472 [http-nio-8080-exec-1] WARN  o.a.p.p.font.FileSystemFontProvider                - Finished building on-disk font cache, found 566 fonts
2022-04-08 15:28:56,202 [SpringApplicationShutdownHook] INFO  o.s.o.j.LocalContainerEntityManagerFactoryBean     - Closing JPA EntityManagerFactory for persistence unit 'default'
2022-04-08 15:28:56,205 [SpringApplicationShutdownHook] INFO  com.zaxxer.hikari.HikariDataSource                 - HikariPool-1 - Shutdown initiated...
2022-04-08 15:28:56,208 [SpringApplicationShutdownHook] INFO  com.zaxxer.hikari.HikariDataSource                 - HikariPool-1 - Shutdown completed.
